Started GET "/admin" for 127.0.0.1 at 2019-02-11 14:59:34 +0530
  
Mysql2::Error::ConnectionError (Access denied for user 'root'@'localhost' (using password: NO)):
  
mysql2 (0.5.2) lib/mysql2/client.rb:90:in `connect'
mysql2 (0.5.2) lib/mysql2/client.rb:90:in `initialize'
activerecord (5.2.2) lib/active_record/connection_adapters/mysql2_adapter.rb:22:in `new'
activerecord (5.2.2) lib/active_record/connection_adapters/mysql2_adapter.rb:22:in `mysql2_connection'
activerecord (5.2.2) lib/active_record/connection_adapters/abstract/connection_pool.rb:811:in `new_connection'
activerecord (5.2.2) lib/active_record/connection_adapters/abstract/connection_pool.rb:855:in `checkout_new_connection'
activerecord (5.2.2) lib/active_record/connection_adapters/abstract/connection_pool.rb:834:in `try_to_checkout_new_connection'
activerecord (5.2.2) lib/active_record/connection_adapters/abstract/connection_pool.rb:795:in `acquire_connection'
activerecord (5.2.2) lib/active_record/connection_adapters/abstract/connection_pool.rb:523:in `checkout'
activerecord (5.2.2) lib/active_record/connection_adapters/abstract/connection_pool.rb:382:in `connection'
activerecord (5.2.2) lib/active_record/connection_adapters/abstract/connection_pool.rb:1010:in `retrieve_connection'
activerecord (5.2.2) lib/active_record/connection_handling.rb:118:in `retrieve_connection'
activerecord (5.2.2) lib/active_record/connection_handling.rb:90:in `connection'
activerecord (5.2.2) lib/active_record/migration.rb:554:in `call'
actionpack (5.2.2) lib/action_dispatch/middleware/callbacks.rb:28:in `block in call'
activesupport (5.2.2) lib/active_support/callbacks.rb:98:in `run_callbacks'
actionpack (5.2.2) lib/action_dispatch/middleware/callbacks.rb:26:in `call'
actionpack (5.2.2) lib/action_dispatch/middleware/executor.rb:14:in `call'
actionpack (5.2.2) lib/action_dispatch/middleware/debug_exceptions.rb:61:in `call'
web-console (3.7.0) lib/web_console/middleware.rb:135:in `call_app'
web-console (3.7.0) lib/web_console/middleware.rb:30:in `block in call'
web-console (3.7.0) lib/web_console/middleware.rb:20:in `catch'
web-console (3.7.0) lib/web_console/middleware.rb:20:in `call'
actionpack (5.2.2) lib/action_dispatch/middleware/show_exceptions.rb:33:in `call'
railties (5.2.2) lib/rails/rack/logger.rb:38:in `call_app'
railties (5.2.2) lib/rails/rack/logger.rb:26:in `block in call'
activesupport (5.2.2) lib/active_support/tagged_logging.rb:71:in `block in tagged'
activesupport (5.2.2) lib/active_support/tagged_logging.rb:28:in `tagged'
activesupport (5.2.2) lib/active_support/tagged_logging.rb:71:in `tagged'
railties (5.2.2) lib/rails/rack/logger.rb:26:in `call'
sprockets-rails (3.2.1) lib/sprockets/rails/quiet_assets.rb:13:in `call'
actionpack (5.2.2) lib/action_dispatch/middleware/remote_ip.rb:81:in `call'
actionpack (5.2.2) lib/action_dispatch/middleware/request_id.rb:27:in `call'
rack (2.0.6) lib/rack/method_override.rb:22:in `call'
rack (2.0.6) lib/rack/runtime.rb:22:in `call'
activesupport (5.2.2) lib/active_support/cache/strategy/local_cache_middleware.rb:29:in `call'
actionpack (5.2.2) lib/action_dispatch/middleware/executor.rb:14:in `call'
actionpack (5.2.2) lib/action_dispatch/middleware/static.rb:127:in `call'
rack (2.0.6) lib/rack/sendfile.rb:111:in `call'
railties (5.2.2) lib/rails/engine.rb:524:in `call'
puma (3.12.0) lib/puma/configuration.rb:225:in `call'
puma (3.12.0) lib/puma/server.rb:658:in `handle_request'
puma (3.12.0) lib/puma/server.rb:472:in `process_client'
puma (3.12.0) lib/puma/server.rb:332:in `block in run'
puma (3.12.0) lib/puma/thread_pool.rb:133:in `block in spawn_thread'
Started GET "/" for 127.0.0.1 at 2019-02-11 14:59:35 +0530
  
Mysql2::Error::ConnectionError (Access denied for user 'root'@'localhost' (using password: NO)):
  
mysql2 (0.5.2) lib/mysql2/client.rb:90:in `connect'
mysql2 (0.5.2) lib/mysql2/client.rb:90:in `initialize'
activerecord (5.2.2) lib/active_record/connection_adapters/mysql2_adapter.rb:22:in `new'
activerecord (5.2.2) lib/active_record/connection_adapters/mysql2_adapter.rb:22:in `mysql2_connection'
activerecord (5.2.2) lib/active_record/connection_adapters/abstract/connection_pool.rb:811:in `new_connection'
activerecord (5.2.2) lib/active_record/connection_adapters/abstract/connection_pool.rb:855:in `checkout_new_connection'
activerecord (5.2.2) lib/active_record/connection_adapters/abstract/connection_pool.rb:834:in `try_to_checkout_new_connection'
activerecord (5.2.2) lib/active_record/connection_adapters/abstract/connection_pool.rb:795:in `acquire_connection'
activerecord (5.2.2) lib/active_record/connection_adapters/abstract/connection_pool.rb:523:in `checkout'
activerecord (5.2.2) lib/active_record/connection_adapters/abstract/connection_pool.rb:382:in `connection'
activerecord (5.2.2) lib/active_record/connection_adapters/abstract/connection_pool.rb:1010:in `retrieve_connection'
activerecord (5.2.2) lib/active_record/connection_handling.rb:118:in `retrieve_connection'
activerecord (5.2.2) lib/active_record/connection_handling.rb:90:in `connection'
activerecord (5.2.2) lib/active_record/migration.rb:554:in `call'
actionpack (5.2.2) lib/action_dispatch/middleware/callbacks.rb:28:in `block in call'
activesupport (5.2.2) lib/active_support/callbacks.rb:98:in `run_callbacks'
actionpack (5.2.2) lib/action_dispatch/middleware/callbacks.rb:26:in `call'
actionpack (5.2.2) lib/action_dispatch/middleware/executor.rb:14:in `call'
actionpack (5.2.2) lib/action_dispatch/middleware/debug_exceptions.rb:61:in `call'
web-console (3.7.0) lib/web_console/middleware.rb:135:in `call_app'
web-console (3.7.0) lib/web_console/middleware.rb:30:in `block in call'
web-console (3.7.0) lib/web_console/middleware.rb:20:in `catch'
web-console (3.7.0) lib/web_console/middleware.rb:20:in `call'
actionpack (5.2.2) lib/action_dispatch/middleware/show_exceptions.rb:33:in `call'
railties (5.2.2) lib/rails/rack/logger.rb:38:in `call_app'
railties (5.2.2) lib/rails/rack/logger.rb:26:in `block in call'
activesupport (5.2.2) lib/active_support/tagged_logging.rb:71:in `block in tagged'
activesupport (5.2.2) lib/active_support/tagged_logging.rb:28:in `tagged'
activesupport (5.2.2) lib/active_support/tagged_logging.rb:71:in `tagged'
railties (5.2.2) lib/rails/rack/logger.rb:26:in `call'
sprockets-rails (3.2.1) lib/sprockets/rails/quiet_assets.rb:13:in `call'
actionpack (5.2.2) lib/action_dispatch/middleware/remote_ip.rb:81:in `call'
actionpack (5.2.2) lib/action_dispatch/middleware/request_id.rb:27:in `call'
rack (2.0.6) lib/rack/method_override.rb:22:in `call'
rack (2.0.6) lib/rack/runtime.rb:22:in `call'
activesupport (5.2.2) lib/active_support/cache/strategy/local_cache_middleware.rb:29:in `call'
actionpack (5.2.2) lib/action_dispatch/middleware/executor.rb:14:in `call'
actionpack (5.2.2) lib/action_dispatch/middleware/static.rb:127:in `call'
rack (2.0.6) lib/rack/sendfile.rb:111:in `call'
railties (5.2.2) lib/rails/engine.rb:524:in `call'
puma (3.12.0) lib/puma/configuration.rb:225:in `call'
puma (3.12.0) lib/puma/server.rb:658:in `handle_request'
puma (3.12.0) lib/puma/server.rb:472:in `process_client'
puma (3.12.0) lib/puma/server.rb:332:in `block in run'
puma (3.12.0) lib/puma/thread_pool.rb:133:in `block in spawn_thread'
Started GET "/" for 127.0.0.1 at 2019-02-11 15:00:22 +0530
  [1m[35m (0.2ms)[0m  [1m[35mSET NAMES utf8,  @@SESSION.sql_mode = CONCAT(CONCAT(@@sql_mode, ',STRICT_ALL_TABLES'), ',NO_AUTO_VALUE_ON_ZERO'),  @@SESSION.sql_auto_is_null = 0, @@SESSION.wait_timeout = 2147483[0m
  ↳ /home/vishal/.rvm/gems/ruby-2.5.0/gems/activerecord-5.2.2/lib/active_record/log_subscriber.rb:98
Processing by Rails::WelcomeController#index as HTML
  Rendering /home/vishal/.rvm/gems/ruby-2.5.0/gems/railties-5.2.2/lib/rails/templates/rails/welcome/index.html.erb
  Rendered /home/vishal/.rvm/gems/ruby-2.5.0/gems/railties-5.2.2/lib/rails/templates/rails/welcome/index.html.erb (1.8ms)
Completed 200 OK in 7ms (Views: 3.2ms | ActiveRecord: 0.0ms)


  [1m[35m (0.2ms)[0m  [1m[35mSET NAMES utf8,  @@SESSION.sql_mode = CONCAT(CONCAT(@@sql_mode, ',STRICT_ALL_TABLES'), ',NO_AUTO_VALUE_ON_ZERO'),  @@SESSION.sql_auto_is_null = 0, @@SESSION.wait_timeout = 2147483[0m
  ↳ bin/rails:9
  [1m[35m (0.3ms)[0m  [1m[35mCREATE DATABASE `stride_development` DEFAULT CHARACTER SET `utf8`[0m
  ↳ bin/rails:9
  [1m[35m (0.1ms)[0m  [1m[35mSET NAMES utf8,  @@SESSION.sql_mode = CONCAT(CONCAT(@@sql_mode, ',STRICT_ALL_TABLES'), ',NO_AUTO_VALUE_ON_ZERO'),  @@SESSION.sql_auto_is_null = 0, @@SESSION.wait_timeout = 2147483[0m
  ↳ bin/rails:9
  [1m[35m (0.2ms)[0m  [1m[35mCREATE DATABASE `stride_test` DEFAULT CHARACTER SET `utf8`[0m
  ↳ bin/rails:9
  [1m[35m (0.2ms)[0m  [1m[35mSET NAMES utf8,  @@SESSION.sql_mode = CONCAT(CONCAT(@@sql_mode, ',STRICT_ALL_TABLES'), ',NO_AUTO_VALUE_ON_ZERO'),  @@SESSION.sql_auto_is_null = 0, @@SESSION.wait_timeout = 2147483[0m
  ↳ bin/rails:9
  [1m[35m (0.1ms)[0m  [1m[34mSELECT `schema_migrations`.`version` FROM `schema_migrations` ORDER BY `schema_migrations`.`version` ASC[0m
  ↳ bin/rails:9
  [1m[35m (0.2ms)[0m  [1m[34mSELECT `ar_internal_metadata`.`value` FROM `ar_internal_metadata` WHERE `ar_internal_metadata`.`key` = 'environment'[0m
  ↳ bin/rails:9
  [1m[35m (0.1ms)[0m  [1m[34mSELECT `schema_migrations`.`version` FROM `schema_migrations` ORDER BY `schema_migrations`.`version` ASC[0m
  ↳ bin/rails:9
  [1m[35m (0.1ms)[0m  [1m[34mSELECT `ar_internal_metadata`.`value` FROM `ar_internal_metadata` WHERE `ar_internal_metadata`.`key` = 'environment'[0m
  ↳ bin/rails:9
  [1m[35m (0.1ms)[0m  [1m[34mSELECT `schema_migrations`.`version` FROM `schema_migrations` ORDER BY `schema_migrations`.`version` ASC[0m
  ↳ bin/rails:9
  [1m[35m (0.1ms)[0m  [1m[34mSELECT `ar_internal_metadata`.`value` FROM `ar_internal_metadata` WHERE `ar_internal_metadata`.`key` = 'environment'[0m
  ↳ bin/rails:9
  [1m[35m (0.1ms)[0m  [1m[35mSET NAMES utf8,  @@SESSION.sql_mode = CONCAT(CONCAT(@@sql_mode, ',STRICT_ALL_TABLES'), ',NO_AUTO_VALUE_ON_ZERO'),  @@SESSION.sql_auto_is_null = 0, @@SESSION.wait_timeout = 2147483[0m
  ↳ bin/rails:9
  [1m[35m (92.2ms)[0m  [1m[35mDROP DATABASE IF EXISTS `stride_development`[0m
  ↳ bin/rails:9
  [1m[35m (0.5ms)[0m  [1m[35mSET NAMES utf8,  @@SESSION.sql_mode = CONCAT(CONCAT(@@sql_mode, ',STRICT_ALL_TABLES'), ',NO_AUTO_VALUE_ON_ZERO'),  @@SESSION.sql_auto_is_null = 0, @@SESSION.wait_timeout = 2147483[0m
  ↳ bin/rails:9
  [1m[35m (4.8ms)[0m  [1m[35mDROP DATABASE IF EXISTS `stride_test`[0m
  ↳ bin/rails:9
  [1m[35m (0.2ms)[0m  [1m[35mSET NAMES utf8,  @@SESSION.sql_mode = CONCAT(CONCAT(@@sql_mode, ',STRICT_ALL_TABLES'), ',NO_AUTO_VALUE_ON_ZERO'),  @@SESSION.sql_auto_is_null = 0, @@SESSION.wait_timeout = 2147483[0m
  ↳ bin/rails:9
  [1m[35m (0.2ms)[0m  [1m[35mCREATE DATABASE `stride_development` DEFAULT CHARACTER SET `utf8`[0m
  ↳ bin/rails:9
  [1m[35m (0.1ms)[0m  [1m[35mSET NAMES utf8,  @@SESSION.sql_mode = CONCAT(CONCAT(@@sql_mode, ',STRICT_ALL_TABLES'), ',NO_AUTO_VALUE_ON_ZERO'),  @@SESSION.sql_auto_is_null = 0, @@SESSION.wait_timeout = 2147483[0m
  ↳ bin/rails:9
  [1m[35m (0.1ms)[0m  [1m[35mCREATE DATABASE `stride_test` DEFAULT CHARACTER SET `utf8`[0m
  ↳ bin/rails:9
  [1m[35m (0.2ms)[0m  [1m[35mSET NAMES utf8,  @@SESSION.sql_mode = CONCAT(CONCAT(@@sql_mode, ',STRICT_ALL_TABLES'), ',NO_AUTO_VALUE_ON_ZERO'),  @@SESSION.sql_auto_is_null = 0, @@SESSION.wait_timeout = 2147483[0m
  ↳ bin/rails:9
  [1m[35m (13.8ms)[0m  [1m[35mCREATE TABLE `schema_migrations` (`version` varchar(255) NOT NULL PRIMARY KEY)[0m
  ↳ bin/rails:9
  [1m[35m (15.9ms)[0m  [1m[35mCREATE TABLE `ar_internal_metadata` (`key` varchar(255) NOT NULL PRIMARY KEY, `value` varchar(255), `created_at` datetime NOT NULL, `updated_at` datetime NOT NULL)[0m
  ↳ bin/rails:9
  [1m[35m (0.4ms)[0m  [1m[34mSELECT GET_LOCK('3197599463512278405', 0)[0m
  ↳ bin/rails:9
  [1m[35m (0.2ms)[0m  [1m[34mSELECT `schema_migrations`.`version` FROM `schema_migrations` ORDER BY `schema_migrations`.`version` ASC[0m
  ↳ bin/rails:9
Migrating to DeviseCreateUsers (20190211093208)
  [1m[35m (16.1ms)[0m  [1m[35mCREATE TABLE `users` (`id` bigint NOT NULL AUTO_INCREMENT PRIMARY KEY, `admin` tinyint(1) DEFAULT FALSE, `email` varchar(255) DEFAULT '' NOT NULL, `encrypted_password` varchar(255) DEFAULT '' NOT NULL, `reset_password_token` varchar(255), `reset_password_sent_at` datetime, `remember_created_at` datetime, `created_at` datetime NOT NULL, `updated_at` datetime NOT NULL)[0m
  ↳ db/migrate/20190211093208_devise_create_users.rb:5
  [1m[35m (14.6ms)[0m  [1m[35mCREATE UNIQUE INDEX `index_users_on_email`  ON `users` (`email`) [0m
  ↳ db/migrate/20190211093208_devise_create_users.rb:40
  [1m[35m (10.9ms)[0m  [1m[35mCREATE UNIQUE INDEX `index_users_on_reset_password_token`  ON `users` (`reset_password_token`) [0m
  ↳ db/migrate/20190211093208_devise_create_users.rb:41
  [1m[35m (0.1ms)[0m  [1m[35mBEGIN[0m
  ↳ bin/rails:9
  [1m[36mActiveRecord::SchemaMigration Create (0.2ms)[0m  [1m[32mINSERT INTO `schema_migrations` (`version`) VALUES ('20190211093208')[0m
  ↳ bin/rails:9
  [1m[35m (2.4ms)[0m  [1m[35mCOMMIT[0m
  ↳ bin/rails:9
  [1m[36mActiveRecord::InternalMetadata Load (0.2ms)[0m  [1m[34mSELECT  `ar_internal_metadata`.* FROM `ar_internal_metadata` WHERE `ar_internal_metadata`.`key` = 'environment' LIMIT 1[0m
  ↳ bin/rails:9
  [1m[35m (0.1ms)[0m  [1m[35mBEGIN[0m
  ↳ bin/rails:9
  [1m[36mActiveRecord::InternalMetadata Create (0.2ms)[0m  [1m[32mINSERT INTO `ar_internal_metadata` (`key`, `value`, `created_at`, `updated_at`) VALUES ('environment', 'development', '2019-02-11 09:32:56', '2019-02-11 09:32:56')[0m
  ↳ bin/rails:9
  [1m[35m (2.0ms)[0m  [1m[35mCOMMIT[0m
  ↳ bin/rails:9
  [1m[35m (0.2ms)[0m  [1m[34mSELECT RELEASE_LOCK('3197599463512278405')[0m
  ↳ bin/rails:9
  [1m[35m (0.2ms)[0m  [1m[34mSELECT `schema_migrations`.`version` FROM `schema_migrations` ORDER BY `schema_migrations`.`version` ASC[0m
  ↳ bin/rails:9
Started GET "/" for 127.0.0.1 at 2019-02-11 15:03:12 +0530
  [1m[35m (0.2ms)[0m  [1m[35mSET NAMES utf8,  @@SESSION.sql_mode = CONCAT(CONCAT(@@sql_mode, ',STRICT_ALL_TABLES'), ',NO_AUTO_VALUE_ON_ZERO'),  @@SESSION.sql_auto_is_null = 0, @@SESSION.wait_timeout = 2147483[0m
  ↳ /home/vishal/.rvm/gems/ruby-2.5.0/gems/activerecord-5.2.2/lib/active_record/log_subscriber.rb:98
  [1m[35m (0.7ms)[0m  [1m[34mSELECT `schema_migrations`.`version` FROM `schema_migrations` ORDER BY `schema_migrations`.`version` ASC[0m
  ↳ /home/vishal/.rvm/gems/ruby-2.5.0/gems/activerecord-5.2.2/lib/active_record/log_subscriber.rb:98
Processing by Rails::WelcomeController#index as HTML
  Rendering /home/vishal/.rvm/gems/ruby-2.5.0/gems/railties-5.2.2/lib/rails/templates/rails/welcome/index.html.erb
  Rendered /home/vishal/.rvm/gems/ruby-2.5.0/gems/railties-5.2.2/lib/rails/templates/rails/welcome/index.html.erb (2.7ms)
Completed 200 OK in 8ms (Views: 3.9ms | ActiveRecord: 0.0ms)


Started GET "/" for 127.0.0.1 at 2019-02-11 15:03:53 +0530
Processing by Rails::WelcomeController#index as HTML
  Rendering /home/vishal/.rvm/gems/ruby-2.5.0/gems/railties-5.2.2/lib/rails/templates/rails/welcome/index.html.erb
  Rendered /home/vishal/.rvm/gems/ruby-2.5.0/gems/railties-5.2.2/lib/rails/templates/rails/welcome/index.html.erb (2.5ms)
Completed 200 OK in 4ms (Views: 3.1ms | ActiveRecord: 0.0ms)


Started GET "/" for 127.0.0.1 at 2019-02-11 15:03:54 +0530
Processing by Rails::WelcomeController#index as HTML
  Rendering /home/vishal/.rvm/gems/ruby-2.5.0/gems/railties-5.2.2/lib/rails/templates/rails/welcome/index.html.erb
  Rendered /home/vishal/.rvm/gems/ruby-2.5.0/gems/railties-5.2.2/lib/rails/templates/rails/welcome/index.html.erb (1.2ms)
Completed 200 OK in 3ms (Views: 1.8ms | ActiveRecord: 0.0ms)


Started GET "/" for 127.0.0.1 at 2019-02-11 15:05:07 +0530
  [1m[35m (0.2ms)[0m  [1m[35mSET NAMES utf8,  @@SESSION.sql_mode = CONCAT(CONCAT(@@sql_mode, ',STRICT_ALL_TABLES'), ',NO_AUTO_VALUE_ON_ZERO'),  @@SESSION.sql_auto_is_null = 0, @@SESSION.wait_timeout = 2147483[0m
  ↳ /home/vishal/.rvm/gems/ruby-2.5.0/gems/activerecord-5.2.2/lib/active_record/log_subscriber.rb:98
  [1m[35m (0.3ms)[0m  [1m[34mSELECT `schema_migrations`.`version` FROM `schema_migrations` ORDER BY `schema_migrations`.`version` ASC[0m
  ↳ /home/vishal/.rvm/gems/ruby-2.5.0/gems/activerecord-5.2.2/lib/active_record/log_subscriber.rb:98
Processing by StrideController#home as HTML
Completed 401 Unauthorized in 7ms (ActiveRecord: 0.0ms)


Started GET "/users/sign_in" for 127.0.0.1 at 2019-02-11 15:05:07 +0530
Processing by Devise::SessionsController#new as HTML
  Rendering devise/sessions/new.html.erb within layouts/application
  Rendered devise/shared/_links.html.erb (1.3ms)
  Rendered devise/sessions/new.html.erb within layouts/application (15.0ms)
Completed 200 OK in 579ms (Views: 570.4ms | ActiveRecord: 0.9ms)


Started GET "/admin" for 127.0.0.1 at 2019-02-11 15:05:15 +0530
Processing by StrideController#admin as HTML
Completed 401 Unauthorized in 1ms (ActiveRecord: 0.0ms)


Started GET "/users/sign_in" for 127.0.0.1 at 2019-02-11 15:05:15 +0530
Processing by Devise::SessionsController#new as HTML
  Rendering devise/sessions/new.html.erb within layouts/application
  Rendered devise/shared/_links.html.erb (0.7ms)
  Rendered devise/sessions/new.html.erb within layouts/application (2.4ms)
Completed 200 OK in 23ms (Views: 21.8ms | ActiveRecord: 0.0ms)


  [1m[35m (0.2ms)[0m  [1m[35mSET NAMES utf8,  @@SESSION.sql_mode = CONCAT(CONCAT(@@sql_mode, ',STRICT_ALL_TABLES'), ',NO_AUTO_VALUE_ON_ZERO'),  @@SESSION.sql_auto_is_null = 0, @@SESSION.wait_timeout = 2147483[0m
  ↳ bin/rails:9
  [1m[35m (0.1ms)[0m  [1m[34mSELECT `schema_migrations`.`version` FROM `schema_migrations` ORDER BY `schema_migrations`.`version` ASC[0m
  ↳ bin/rails:9
  [1m[35m (0.3ms)[0m  [1m[35mSET NAMES utf8,  @@SESSION.sql_mode = CONCAT(CONCAT(@@sql_mode, ',STRICT_ALL_TABLES'), ',NO_AUTO_VALUE_ON_ZERO'),  @@SESSION.sql_auto_is_null = 0, @@SESSION.wait_timeout = 2147483[0m
  ↳ bin/rails:9
  [1m[35m (0.2ms)[0m  [1m[34mSELECT `schema_migrations`.`version` FROM `schema_migrations` ORDER BY `schema_migrations`.`version` ASC[0m
  ↳ bin/rails:9
  [1m[35m (0.1ms)[0m  [1m[35mBEGIN[0m
  ↳ db/seeds.rb:9
  [1m[36mUser Exists (0.2ms)[0m  [1m[34mSELECT  1 AS one FROM `users` WHERE `users`.`email` = BINARY 'st@smarttechno.in' LIMIT 1[0m
  ↳ db/seeds.rb:9
  [1m[36mUser Create (0.2ms)[0m  [1m[32mINSERT INTO `users` (`email`, `encrypted_password`, `created_at`, `updated_at`) VALUES ('st@smarttechno.in', '$2a$11$Sg5rTfc6KpJ3hNLk0CwxhuD7LDks3rZWSIRDBtrgPh2QpfU9PB44e', '2019-02-11 09:37:03', '2019-02-11 09:37:03')[0m
  ↳ db/seeds.rb:9
  [1m[35m (3.8ms)[0m  [1m[35mCOMMIT[0m
  ↳ db/seeds.rb:9
Started GET "/users/sign_in" for 127.0.0.1 at 2019-02-11 15:07:06 +0530
  [1m[35m (0.2ms)[0m  [1m[35mSET NAMES utf8,  @@SESSION.sql_mode = CONCAT(CONCAT(@@sql_mode, ',STRICT_ALL_TABLES'), ',NO_AUTO_VALUE_ON_ZERO'),  @@SESSION.sql_auto_is_null = 0, @@SESSION.wait_timeout = 2147483[0m
  ↳ /home/vishal/.rvm/gems/ruby-2.5.0/gems/activerecord-5.2.2/lib/active_record/log_subscriber.rb:98
  [1m[35m (0.2ms)[0m  [1m[34mSELECT `schema_migrations`.`version` FROM `schema_migrations` ORDER BY `schema_migrations`.`version` ASC[0m
  ↳ /home/vishal/.rvm/gems/ruby-2.5.0/gems/activerecord-5.2.2/lib/active_record/log_subscriber.rb:98
Processing by Devise::SessionsController#new as HTML
  Rendering devise/sessions/new.html.erb within layouts/application
  Rendered devise/shared/_links.html.erb (0.8ms)
  Rendered devise/sessions/new.html.erb within layouts/application (6.5ms)
Completed 200 OK in 156ms (Views: 143.7ms | ActiveRecord: 0.8ms)


Started POST "/users/sign_in" for 127.0.0.1 at 2019-02-11 15:07:10 +0530
Processing by Devise::SessionsController#create as HTML
  Parameters: {"utf8"=>"✓", "authenticity_token"=>"X8o7KYjAbxKvfLtLg2yP99nCeIa/4TdBbXk0cOoaZWGomsQenjMVP04Rw3WfgTd9hBxfoSy0/G7s0bSEUB8W1w==", "user"=>{"email"=>"st@smarttechno.in", "password"=>"[FILTERED]", "remember_me"=>"0"}, "commit"=>"Log in"}
  [1m[36mUser Load (0.3ms)[0m  [1m[34mSELECT  `users`.* FROM `users` WHERE `users`.`email` = 'st@smarttechno.in' ORDER BY `users`.`id` ASC LIMIT 1[0m
  ↳ /home/vishal/.rvm/gems/ruby-2.5.0/gems/activerecord-5.2.2/lib/active_record/log_subscriber.rb:98
Redirected to http://localhost:3000/admin
Completed 302 Found in 115ms (ActiveRecord: 0.3ms)


Started GET "/admin" for 127.0.0.1 at 2019-02-11 15:07:10 +0530
Processing by StrideController#admin as HTML
  [1m[36mUser Load (0.5ms)[0m  [1m[34mSELECT  `users`.* FROM `users` WHERE `users`.`id` = 1 ORDER BY `users`.`id` ASC LIMIT 1[0m
  ↳ /home/vishal/.rvm/gems/ruby-2.5.0/gems/activerecord-5.2.2/lib/active_record/log_subscriber.rb:98
  Rendering stride/admin.html.erb within layouts/application
  Rendered stride/admin.html.erb within layouts/application (0.2ms)
Completed 200 OK in 14ms (Views: 10.3ms | ActiveRecord: 0.5ms)


Started GET "/admin" for 127.0.0.1 at 2019-02-11 15:08:41 +0530
Processing by StrideController#admin as HTML
  [1m[36mUser Load (0.7ms)[0m  [1m[34mSELECT  `users`.* FROM `users` WHERE `users`.`id` = 1 ORDER BY `users`.`id` ASC LIMIT 1[0m
  ↳ /home/vishal/.rvm/gems/ruby-2.5.0/gems/activerecord-5.2.2/lib/active_record/log_subscriber.rb:98
  Rendering stride/admin.html.erb within layouts/application
  Rendered stride/admin.html.erb within layouts/application (1.8ms)
Completed 200 OK in 27ms (Views: 23.4ms | ActiveRecord: 0.7ms)


Started GET "/admin" for 127.0.0.1 at 2019-02-11 15:09:22 +0530
  [1m[35m (0.3ms)[0m  [1m[35mSET NAMES utf8,  @@SESSION.sql_mode = CONCAT(CONCAT(@@sql_mode, ',STRICT_ALL_TABLES'), ',NO_AUTO_VALUE_ON_ZERO'),  @@SESSION.sql_auto_is_null = 0, @@SESSION.wait_timeout = 2147483[0m
  ↳ /home/vishal/.rvm/gems/ruby-2.5.0/gems/activerecord-5.2.2/lib/active_record/log_subscriber.rb:98
  [1m[35m (0.2ms)[0m  [1m[34mSELECT `schema_migrations`.`version` FROM `schema_migrations` ORDER BY `schema_migrations`.`version` ASC[0m
  ↳ /home/vishal/.rvm/gems/ruby-2.5.0/gems/activerecord-5.2.2/lib/active_record/log_subscriber.rb:98
  
RuntimeError (Circular dependency detected while autoloading constant FontAwesome::Rails::IconHelper):
  
app/controllers/application_controller.rb:1:in `<main>'
app/controllers/stride_controller.rb:1:in `<main>'
Started GET "/admin" for 127.0.0.1 at 2019-02-11 15:10:13 +0530
  [1m[35m (0.6ms)[0m  [1m[35mSET NAMES utf8,  @@SESSION.sql_mode = CONCAT(CONCAT(@@sql_mode, ',STRICT_ALL_TABLES'), ',NO_AUTO_VALUE_ON_ZERO'),  @@SESSION.sql_auto_is_null = 0, @@SESSION.wait_timeout = 2147483[0m
  ↳ /home/vishal/.rvm/gems/ruby-2.5.0/gems/activerecord-5.2.2/lib/active_record/log_subscriber.rb:98
  [1m[35m (0.2ms)[0m  [1m[34mSELECT `schema_migrations`.`version` FROM `schema_migrations` ORDER BY `schema_migrations`.`version` ASC[0m
  ↳ /home/vishal/.rvm/gems/ruby-2.5.0/gems/activerecord-5.2.2/lib/active_record/log_subscriber.rb:98
  
RuntimeError (Circular dependency detected while autoloading constant FontAwesome::Rails::IconHelper):
  
app/controllers/application_controller.rb:1:in `<main>'
app/controllers/stride_controller.rb:1:in `<main>'
Started GET "/admin" for 127.0.0.1 at 2019-02-11 15:10:14 +0530
  
RuntimeError (Circular dependency detected while autoloading constant FontAwesome::Rails::IconHelper):
  
app/controllers/application_controller.rb:1:in `<main>'
app/controllers/stride_controller.rb:1:in `<main>'
Started GET "/admin" for 127.0.0.1 at 2019-02-11 15:10:14 +0530
  
RuntimeError (Circular dependency detected while autoloading constant FontAwesome::Rails::IconHelper):
  
app/controllers/application_controller.rb:1:in `<main>'
app/controllers/stride_controller.rb:1:in `<main>'
Started GET "/admin" for 127.0.0.1 at 2019-02-11 15:11:03 +0530
  [1m[35m (0.6ms)[0m  [1m[35mSET NAMES utf8,  @@SESSION.sql_mode = CONCAT(CONCAT(@@sql_mode, ',STRICT_ALL_TABLES'), ',NO_AUTO_VALUE_ON_ZERO'),  @@SESSION.sql_auto_is_null = 0, @@SESSION.wait_timeout = 2147483[0m
  ↳ /home/vishal/.rvm/gems/ruby-2.5.0/gems/activerecord-5.2.2/lib/active_record/log_subscriber.rb:98
  [1m[35m (0.2ms)[0m  [1m[34mSELECT `schema_migrations`.`version` FROM `schema_migrations` ORDER BY `schema_migrations`.`version` ASC[0m
  ↳ /home/vishal/.rvm/gems/ruby-2.5.0/gems/activerecord-5.2.2/lib/active_record/log_subscriber.rb:98
  
RuntimeError (Circular dependency detected while autoloading constant FontAwesome::Rails::IconHelper):
  
app/controllers/application_controller.rb:1:in `<main>'
app/controllers/stride_controller.rb:1:in `<main>'
Started GET "/admin" for 127.0.0.1 at 2019-02-11 15:11:03 +0530
  
RuntimeError (Circular dependency detected while autoloading constant FontAwesome::Rails::IconHelper):
  
app/controllers/application_controller.rb:1:in `<main>'
app/controllers/stride_controller.rb:1:in `<main>'
Started GET "/admin" for 127.0.0.1 at 2019-02-11 15:11:04 +0530
  
RuntimeError (Circular dependency detected while autoloading constant FontAwesome::Rails::IconHelper):
  
app/controllers/application_controller.rb:1:in `<main>'
app/controllers/stride_controller.rb:1:in `<main>'
Started GET "/admin" for 127.0.0.1 at 2019-02-11 15:11:04 +0530
  
RuntimeError (Circular dependency detected while autoloading constant FontAwesome::Rails::IconHelper):
  
app/controllers/application_controller.rb:1:in `<main>'
app/controllers/stride_controller.rb:1:in `<main>'
Started GET "/admin" for 127.0.0.1 at 2019-02-11 15:11:04 +0530
  
RuntimeError (Circular dependency detected while autoloading constant FontAwesome::Rails::IconHelper):
  
app/controllers/application_controller.rb:1:in `<main>'
app/controllers/stride_controller.rb:1:in `<main>'
Started GET "/admin" for 127.0.0.1 at 2019-02-11 15:12:53 +0530
  [1m[35m (0.9ms)[0m  [1m[35mSET NAMES utf8,  @@SESSION.sql_mode = CONCAT(CONCAT(@@sql_mode, ',STRICT_ALL_TABLES'), ',NO_AUTO_VALUE_ON_ZERO'),  @@SESSION.sql_auto_is_null = 0, @@SESSION.wait_timeout = 2147483[0m
  ↳ /home/vishal/.rvm/gems/ruby-2.5.0/gems/activerecord-5.2.2/lib/active_record/log_subscriber.rb:98
  [1m[35m (0.2ms)[0m  [1m[34mSELECT `schema_migrations`.`version` FROM `schema_migrations` ORDER BY `schema_migrations`.`version` ASC[0m
  ↳ /home/vishal/.rvm/gems/ruby-2.5.0/gems/activerecord-5.2.2/lib/active_record/log_subscriber.rb:98
  
RuntimeError (Circular dependency detected while autoloading constant FontAwesome::Rails::IconHelper):
  
app/controllers/application_controller.rb:1:in `<main>'
app/controllers/stride_controller.rb:1:in `<main>'
Started GET "/admin" for 127.0.0.1 at 2019-02-11 15:12:53 +0530
  
RuntimeError (Circular dependency detected while autoloading constant FontAwesome::Rails::IconHelper):
  
app/controllers/application_controller.rb:1:in `<main>'
app/controllers/stride_controller.rb:1:in `<main>'
Started GET "/admin" for 127.0.0.1 at 2019-02-11 15:12:54 +0530
  
RuntimeError (Circular dependency detected while autoloading constant FontAwesome::Rails::IconHelper):
  
app/controllers/application_controller.rb:1:in `<main>'
app/controllers/stride_controller.rb:1:in `<main>'
Started GET "/admin" for 127.0.0.1 at 2019-02-11 15:12:54 +0530
  
RuntimeError (Circular dependency detected while autoloading constant FontAwesome::Rails::IconHelper):
  
app/controllers/application_controller.rb:1:in `<main>'
app/controllers/stride_controller.rb:1:in `<main>'
Started GET "/admin" for 127.0.0.1 at 2019-02-11 15:12:54 +0530
  [1m[35m (0.2ms)[0m  [1m[35mSET NAMES utf8,  @@SESSION.sql_mode = CONCAT(CONCAT(@@sql_mode, ',STRICT_ALL_TABLES'), ',NO_AUTO_VALUE_ON_ZERO'),  @@SESSION.sql_auto_is_null = 0, @@SESSION.wait_timeout = 2147483[0m
  ↳ /home/vishal/.rvm/gems/ruby-2.5.0/gems/activerecord-5.2.2/lib/active_record/log_subscriber.rb:98
  
RuntimeError (Circular dependency detected while autoloading constant FontAwesome::Rails::IconHelper):
  
app/controllers/application_controller.rb:1:in `<main>'
app/controllers/stride_controller.rb:1:in `<main>'
Started GET "/admin" for 127.0.0.1 at 2019-02-11 15:14:31 +0530
  [1m[35m (0.2ms)[0m  [1m[35mSET NAMES utf8,  @@SESSION.sql_mode = CONCAT(CONCAT(@@sql_mode, ',STRICT_ALL_TABLES'), ',NO_AUTO_VALUE_ON_ZERO'),  @@SESSION.sql_auto_is_null = 0, @@SESSION.wait_timeout = 2147483[0m
  ↳ /home/vishal/.rvm/gems/ruby-2.5.0/gems/activerecord-5.2.2/lib/active_record/log_subscriber.rb:98
  [1m[35m (0.2ms)[0m  [1m[34mSELECT `schema_migrations`.`version` FROM `schema_migrations` ORDER BY `schema_migrations`.`version` ASC[0m
  ↳ /home/vishal/.rvm/gems/ruby-2.5.0/gems/activerecord-5.2.2/lib/active_record/log_subscriber.rb:98
Processing by StrideController#admin as HTML
  [1m[36mUser Load (3.7ms)[0m  [1m[34mSELECT  `users`.* FROM `users` WHERE `users`.`id` = 1 ORDER BY `users`.`id` ASC LIMIT 1[0m
  ↳ /home/vishal/.rvm/gems/ruby-2.5.0/gems/activerecord-5.2.2/lib/active_record/log_subscriber.rb:98
  Rendering stride/admin.html.erb within layouts/application
  Rendered stride/admin.html.erb within layouts/application (0.3ms)
Completed 200 OK in 267ms (Views: 239.7ms | ActiveRecord: 6.0ms)


  
ActionController::RoutingError (No route matches [GET] "/assets/font-awesome-sprockets"):
  
actionpack (5.2.2) lib/action_dispatch/middleware/debug_exceptions.rb:65:in `call'
web-console (3.7.0) lib/web_console/middleware.rb:135:in `call_app'
web-console (3.7.0) lib/web_console/middleware.rb:30:in `block in call'
web-console (3.7.0) lib/web_console/middleware.rb:20:in `catch'
web-console (3.7.0) lib/web_console/middleware.rb:20:in `call'
actionpack (5.2.2) lib/action_dispatch/middleware/show_exceptions.rb:33:in `call'
railties (5.2.2) lib/rails/rack/logger.rb:38:in `call_app'
railties (5.2.2) lib/rails/rack/logger.rb:26:in `block in call'
activesupport (5.2.2) lib/active_support/tagged_logging.rb:71:in `block in tagged'
activesupport (5.2.2) lib/active_support/tagged_logging.rb:28:in `tagged'
activesupport (5.2.2) lib/active_support/tagged_logging.rb:71:in `tagged'
railties (5.2.2) lib/rails/rack/logger.rb:26:in `call'
sprockets-rails (3.2.1) lib/sprockets/rails/quiet_assets.rb:11:in `block in call'
activesupport (5.2.2) lib/active_support/logger_silence.rb:21:in `silence'
activesupport (5.2.2) lib/active_support/logger.rb:65:in `block (3 levels) in broadcast'
activesupport (5.2.2) lib/active_support/logger_silence.rb:21:in `silence'
activesupport (5.2.2) lib/active_support/logger.rb:63:in `block (2 levels) in broadcast'
sprockets-rails (3.2.1) lib/sprockets/rails/quiet_assets.rb:11:in `call'
actionpack (5.2.2) lib/action_dispatch/middleware/remote_ip.rb:81:in `call'
actionpack (5.2.2) lib/action_dispatch/middleware/request_id.rb:27:in `call'
rack (2.0.6) lib/rack/method_override.rb:22:in `call'
rack (2.0.6) lib/rack/runtime.rb:22:in `call'
activesupport (5.2.2) lib/active_support/cache/strategy/local_cache_middleware.rb:29:in `call'
actionpack (5.2.2) lib/action_dispatch/middleware/executor.rb:14:in `call'
actionpack (5.2.2) lib/action_dispatch/middleware/static.rb:127:in `call'
rack (2.0.6) lib/rack/sendfile.rb:111:in `call'
railties (5.2.2) lib/rails/engine.rb:524:in `call'
puma (3.12.0) lib/puma/configuration.rb:225:in `call'
puma (3.12.0) lib/puma/server.rb:658:in `handle_request'
puma (3.12.0) lib/puma/server.rb:472:in `process_client'
puma (3.12.0) lib/puma/server.rb:332:in `block in run'
puma (3.12.0) lib/puma/thread_pool.rb:133:in `block in spawn_thread'
  
ActionController::RoutingError (No route matches [GET] "/assets/font-awesome"):
  
actionpack (5.2.2) lib/action_dispatch/middleware/debug_exceptions.rb:65:in `call'
web-console (3.7.0) lib/web_console/middleware.rb:135:in `call_app'
web-console (3.7.0) lib/web_console/middleware.rb:30:in `block in call'
web-console (3.7.0) lib/web_console/middleware.rb:20:in `catch'
web-console (3.7.0) lib/web_console/middleware.rb:20:in `call'
actionpack (5.2.2) lib/action_dispatch/middleware/show_exceptions.rb:33:in `call'
railties (5.2.2) lib/rails/rack/logger.rb:38:in `call_app'
railties (5.2.2) lib/rails/rack/logger.rb:26:in `block in call'
activesupport (5.2.2) lib/active_support/tagged_logging.rb:71:in `block in tagged'
activesupport (5.2.2) lib/active_support/tagged_logging.rb:28:in `tagged'
activesupport (5.2.2) lib/active_support/tagged_logging.rb:71:in `tagged'
railties (5.2.2) lib/rails/rack/logger.rb:26:in `call'
sprockets-rails (3.2.1) lib/sprockets/rails/quiet_assets.rb:11:in `block in call'
activesupport (5.2.2) lib/active_support/logger_silence.rb:21:in `silence'
activesupport (5.2.2) lib/active_support/logger.rb:65:in `block (3 levels) in broadcast'
activesupport (5.2.2) lib/active_support/logger_silence.rb:21:in `silence'
activesupport (5.2.2) lib/active_support/logger.rb:63:in `block (2 levels) in broadcast'
sprockets-rails (3.2.1) lib/sprockets/rails/quiet_assets.rb:11:in `call'
actionpack (5.2.2) lib/action_dispatch/middleware/remote_ip.rb:81:in `call'
actionpack (5.2.2) lib/action_dispatch/middleware/request_id.rb:27:in `call'
rack (2.0.6) lib/rack/method_override.rb:22:in `call'
rack (2.0.6) lib/rack/runtime.rb:22:in `call'
activesupport (5.2.2) lib/active_support/cache/strategy/local_cache_middleware.rb:29:in `call'
actionpack (5.2.2) lib/action_dispatch/middleware/executor.rb:14:in `call'
actionpack (5.2.2) lib/action_dispatch/middleware/static.rb:127:in `call'
rack (2.0.6) lib/rack/sendfile.rb:111:in `call'
railties (5.2.2) lib/rails/engine.rb:524:in `call'
puma (3.12.0) lib/puma/configuration.rb:225:in `call'
puma (3.12.0) lib/puma/server.rb:658:in `handle_request'
puma (3.12.0) lib/puma/server.rb:472:in `process_client'
puma (3.12.0) lib/puma/server.rb:332:in `block in run'
puma (3.12.0) lib/puma/thread_pool.rb:133:in `block in spawn_thread'
Started GET "/admin" for 127.0.0.1 at 2019-02-11 15:15:05 +0530
  [1m[35m (0.3ms)[0m  [1m[35mSET NAMES utf8,  @@SESSION.sql_mode = CONCAT(CONCAT(@@sql_mode, ',STRICT_ALL_TABLES'), ',NO_AUTO_VALUE_ON_ZERO'),  @@SESSION.sql_auto_is_null = 0, @@SESSION.wait_timeout = 2147483[0m
  ↳ /home/vishal/.rvm/gems/ruby-2.5.0/gems/activerecord-5.2.2/lib/active_record/log_subscriber.rb:98
  [1m[35m (0.7ms)[0m  [1m[34mSELECT `schema_migrations`.`version` FROM `schema_migrations` ORDER BY `schema_migrations`.`version` ASC[0m
  ↳ /home/vishal/.rvm/gems/ruby-2.5.0/gems/activerecord-5.2.2/lib/active_record/log_subscriber.rb:98
Processing by StrideController#admin as HTML
  [1m[36mUser Load (0.2ms)[0m  [1m[34mSELECT  `users`.* FROM `users` WHERE `users`.`id` = 1 ORDER BY `users`.`id` ASC LIMIT 1[0m
  ↳ /home/vishal/.rvm/gems/ruby-2.5.0/gems/activerecord-5.2.2/lib/active_record/log_subscriber.rb:98
  Rendering stride/admin.html.erb within layouts/application
  Rendered stride/admin.html.erb within layouts/application (0.8ms)
Completed 200 OK in 1866ms (Views: 1851.1ms | ActiveRecord: 1.0ms)


Started GET "/admin" for 127.0.0.1 at 2019-02-11 15:15:21 +0530
Processing by StrideController#admin as HTML
  [1m[36mUser Load (0.3ms)[0m  [1m[34mSELECT  `users`.* FROM `users` WHERE `users`.`id` = 1 ORDER BY `users`.`id` ASC LIMIT 1[0m
  ↳ /home/vishal/.rvm/gems/ruby-2.5.0/gems/activerecord-5.2.2/lib/active_record/log_subscriber.rb:98
  Rendering stride/admin.html.erb within layouts/application
  Rendered stride/admin.html.erb within layouts/application (3.9ms)
Completed 200 OK in 25ms (Views: 23.8ms | ActiveRecord: 0.3ms)


